<?xml version="1.0" encoding="UTF-8"?>
<!-- Generated by org.testng.reporters.JUnitReportReporter -->
<testsuite hostname="nirmala-pc" name="Sample.ExampleProgram" tests="1" failures="0" timestamp="30 Jun 2016 07:09:06 GMT" time="8.883" errors="0">
  <testcase name="AutoIt" time="8.883" classname="Sample.ExampleProgram"/>
</testsuite> <!-- Sample.ExampleProgram -->
